<?xml version="1.0" encoding="UTF-8"?>
<!-- Generated by org.testng.reporters.JUnitReportReporter -->
<testsuite hostname="LAPTOP-KCK80MQ9" failures="0" tests="1" name="com.qa.TNTestCases.TNTestCases" time="9.127" errors="0" timestamp="2024-01-07T18:48:42 EST" skipped="0">
  <testcase classname="com.qa.TNTestCases.TNTestCases" name="loginWithValidCredentials" time="9.127"/>
</testsuite> <!-- com.qa.TNTestCases.TNTestCases -->
